0 info it worked if it ends with ok
1 verbose cli [ '/Users/lizhi/.nvm/versions/node/v6.0.0/bin/node',
1 verbose cli   '/Users/lizhi/.nvm/versions/node/v6.0.0/bin/npm',
1 verbose cli   'run',
1 verbose cli   'test:log' ]
2 info using npm@3.10.3
3 info using node@v6.0.0
4 verbose run-script [ 'pretest:log', 'test:log', 'posttest:log' ]
5 info lifecycle ijk-datebase-clear@1.0.0~pretest:log: ijk-datebase-clear@1.0.0
6 silly lifecycle ijk-datebase-clear@1.0.0~pretest:log: no script for pretest:log, continuing
7 info lifecycle ijk-datebase-clear@1.0.0~test:log: ijk-datebase-clear@1.0.0
8 verbose lifecycle ijk-datebase-clear@1.0.0~test:log: unsafe-perm in lifecycle true
9 verbose lifecycle ijk-datebase-clear@1.0.0~test:log: PATH: /Users/lizhi/.nvm/versions/node/v6.0.0/lib/node_modules/npm/bin/node-gyp-bin:/Users/lizhi/Projects/ijk-datebase-clear/node_modules/.bin:/Users/lizhi/.nvm/versions/node/v6.0.0/bin:/Users/lizhi/.rvm/gems/ruby-2.2.1/bin:/Users/lizhi/.rvm/gems/ruby-2.2.1@global/bin:/Users/lizhi/.rvm/rubies/ruby-2.2.1/bin:/Users/lizhi/.nvm/versions/node/v6.0.0/bin:/usr/local/opt/coreutils/libexec/gnubin:/Users/lizhi/.rvm/gems/ruby-2.2.1/bin:/Users/lizhi/.rvm/bin:/Users/lizhi/.rvm/gems/ruby-2.2.1@global/gems:/opt/local/bin:/Users/lizhi/Library/Android/sdk:/Users/lizhi/Library/Android/sdk/platform-tools:/Users/lizhi/Library/Android/sdk/tools:/Users/lizhi/bin:/usr/local/bin:/usr/bin:/bin:/usr/sbin:/sbin:/Users/lizhi/.rvm/bin:/opt/local/bin:/Users/lizhi/bin
10 verbose lifecycle ijk-datebase-clear@1.0.0~test:log: CWD: /Users/lizhi/Projects/ijk-datebase-clear
11 silly lifecycle ijk-datebase-clear@1.0.0~test:log: Args: [ '-c',
11 silly lifecycle   'NEDD_LOG=need mocha --compilers :./tools/babel-setup.js --require babel-polyfill' ]
12 silly lifecycle ijk-datebase-clear@1.0.0~test:log: Returned: code: 1  signal: null
13 info lifecycle ijk-datebase-clear@1.0.0~test:log: Failed to exec test:log script
14 verbose stack Error: ijk-datebase-clear@1.0.0 test:log: `NEDD_LOG=need mocha --compilers :./tools/babel-setup.js --require babel-polyfill`
14 verbose stack Exit status 1
14 verbose stack     at EventEmitter.<anonymous> (/Users/lizhi/.nvm/versions/node/v6.0.0/lib/node_modules/npm/lib/utils/lifecycle.js:242:16)
14 verbose stack     at emitTwo (events.js:106:13)
14 verbose stack     at EventEmitter.emit (events.js:191:7)
14 verbose stack     at ChildProcess.<anonymous> (/Users/lizhi/.nvm/versions/node/v6.0.0/lib/node_modules/npm/lib/utils/spawn.js:40:14)
14 verbose stack     at emitTwo (events.js:106:13)
14 verbose stack     at ChildProcess.emit (events.js:191:7)
14 verbose stack     at maybeClose (internal/child_process.js:850:16)
14 verbose stack     at Process.ChildProcess._handle.onexit (internal/child_process.js:215:5)
15 verbose pkgid ijk-datebase-clear@1.0.0
16 verbose cwd /Users/lizhi/Projects/ijk-datebase-clear
17 error Darwin 16.1.0
18 error argv "/Users/lizhi/.nvm/versions/node/v6.0.0/bin/node" "/Users/lizhi/.nvm/versions/node/v6.0.0/bin/npm" "run" "test:log"
19 error node v6.0.0
20 error npm  v3.10.3
21 error code ELIFECYCLE
22 error ijk-datebase-clear@1.0.0 test:log: `NEDD_LOG=need mocha --compilers :./tools/babel-setup.js --require babel-polyfill`
22 error Exit status 1
23 error Failed at the ijk-datebase-clear@1.0.0 test:log script 'NEDD_LOG=need mocha --compilers :./tools/babel-setup.js --require babel-polyfill'.
23 error Make sure you have the latest version of node.js and npm installed.
23 error If you do, this is most likely a problem with the ijk-datebase-clear package,
23 error not with npm itself.
23 error Tell the author that this fails on your system:
23 error     NEDD_LOG=need mocha --compilers :./tools/babel-setup.js --require babel-polyfill
23 error You can get information on how to open an issue for this project with:
23 error     npm bugs ijk-datebase-clear
23 error Or if that isn't available, you can get their info via:
23 error     npm owner ls ijk-datebase-clear
23 error There is likely additional logging output above.
24 verbose exit [ 1, true ]
